<?xml version="1.0" encoding="UTF-8"?>
<testsuite xmlns:xsi="http://www.w3.org/2001/XMLSchema-instance" xsi:noNamespaceSchemaLocation="https://maven.apache.org/surefire/maven-surefire-plugin/xsd/surefire-test-report.xsd" name="tests.setupTest" time="403.566" tests="6" errors="0" skipped="0" failures="0">
  <properties>
[...]
</properties>
  <testcase name="testOpeningBrowserAndLoadingPage" classname="tests.setupTest" time="109.166"/>
  <testcase name="testLogin" classname="tests.setupTest" time="58.735"/>
  <testcase name="testAddProductToProductPage" classname="tests.setupTest" time="59.026"/>
  <testcase name="testAcessCategoryTShirts" classname="tests.setupTest" time="56.089"/>
  <testcase name="testAddProductToCartPage" classname="tests.setupTest" time="54.621"/>
  <testcase name="testSearch" classname="tests.setupTest" time="63.765"/>
</testsuite>